= Host information =============================================================
$> hostname; uname -msr
e1r8p20.42.fr
Darwin 14.3.0 x86_64

$> date
Thu Apr 23 15:42:25 CEST 2015

$> gcc --version
Configured with: --prefix=/Applications/Xcode.app/Contents/Developer/usr --with-gxx-include-dir=/usr/include/c++/4.2.1
Apple LLVM version 6.1.0 (clang-602.0.49) (based on LLVM 3.6.0svn)
Target: x86_64-apple-darwin14.3.0
Thread model: posix

$> clang --version
Apple LLVM version 6.1.0 (clang-602.0.49) (based on LLVM 3.6.0svn)
Target: x86_64-apple-darwin14.3.0
Thread model: posix

= first_word ===================================================================
$> clang -Wextra -Wall -Werror first_word.c -o user_exe 

= Test 1 ===================================================
$> ./q9ko2qnw0l9ymoorc5lepzci 
$> diff -U 3 user_output_test1 test1.output | cat -e

Diff OK :D
= Test 2 ===================================================
$> ./02zx9bfm45xp9kpxxs0ljlvn "premier param" "deuxieme param"
$> diff -U 3 user_output_test2 test2.output | cat -e

Diff OK :D
= Test 3 ===================================================
$> ./zlzxo52e49ibcohhxjs34als "rien ne sert de courir il faut partir a point"
$> diff -U 3 user_output_test3 test3.output | cat -e

Diff OK :D
= Test 4 ===================================================
$> ./wj9h4s4gu4tq8cds4hi1jz2r "  et le trim, c'est pour les andouilles en ski  "
$> diff -U 3 user_output_test4 test4.output | cat -e

Diff OK :D
= Test 5 ===================================================
$> ./l8s82554a8s20e2wi41etwcf "..."
$> diff -U 3 user_output_test5 test5.output | cat -e

Diff OK :D
= Test 6 ===================================================
$> ./jgifc8sxmwb0s0dp79xms6ed ""
$> diff -U 3 user_output_test6 test6.output | cat -e

Diff OK :D
= Test 7 ===================================================
$> ./craa6nceksofzj38kv88b4g0 "             "
$> diff -U 3 user_output_test7 test7.output | cat -e

Diff OK :D
Grade: 1

= Final grade: 1 ===============================================================
