= Host information =============================================================
$> hostname; uname -msr
e3r8p11.42.fr
Darwin 14.3.0 x86_64

$> date
Thu Apr 23 15:54:12 CEST 2015

$> gcc --version
Configured with: --prefix=/Applications/Xcode.app/Contents/Developer/usr --with-gxx-include-dir=/usr/include/c++/4.2.1
Apple LLVM version 6.1.0 (clang-602.0.49) (based on LLVM 3.6.0svn)
Target: x86_64-apple-darwin14.3.0
Thread model: posix

$> clang --version
Apple LLVM version 6.1.0 (clang-602.0.49) (based on LLVM 3.6.0svn)
Target: x86_64-apple-darwin14.3.0
Thread model: posix

= ulstr ========================================================================
$> clang -Wextra -Wall -Werror ulstr.c -o user_exe 

= Test 1 ===================================================
$> ./rg5wgqktgsbdgpvvnv9o1gpe "L'eSPrit nE peUt plUs pRogResSer s'Il staGne et sI peRsIsTent VAnIte et auto-justification."
$> diff -U 3 user_output_test1 test1.output | cat -e

Diff OK :D
= Test 2 ===================================================
$> ./se448u2mplakc8qh8tcy4l9m "S'enTOuRer dE sECreT eSt uN sIGnE De mAnQuE De coNNaiSSanCe.  "
$> diff -U 3 user_output_test2 test2.output | cat -e

Diff OK :D
= Test 3 ===================================================
$> ./hc77y8woo7q75viplnd9lntq "3:21 Ba  tOut  moUn ki Ka di KE m'en Ka fe fot"
$> diff -U 3 user_output_test3 test3.output | cat -e

Diff OK :D
= Test 4 ===================================================
$> ./h4j1yreskxcm7snuenjhe901 "Pour l'Imperium de l'Humanite"
$> diff -U 3 user_output_test4 test4.output | cat -e

Diff OK :D
= Test 5 ===================================================
$> ./mxvquvy2nxy7w7bo4n6m0fxu "..."
$> diff -U 3 user_output_test5 test5.output | cat -e

Diff OK :D
= Test 6 ===================================================
$> ./xzpq1nsjjk6dxvn4opfdkbjl ""
$> diff -U 3 user_output_test6 test6.output | cat -e

Diff OK :D
Grade: 1

= Final grade: 1 ===============================================================
