= Host information =============================================================
$> hostname; uname -msr
e2r6p9.42.fr
Darwin 14.3.0 x86_64

$> date
Thu Apr 23 17:01:54 CEST 2015

$> gcc --version
Configured with: --prefix=/Applications/Xcode.app/Contents/Developer/usr --with-gxx-include-dir=/usr/include/c++/4.2.1
Apple LLVM version 6.1.0 (clang-602.0.49) (based on LLVM 3.6.0svn)
Target: x86_64-apple-darwin14.3.0
Thread model: posix

$> clang --version
Apple LLVM version 6.1.0 (clang-602.0.49) (based on LLVM 3.6.0svn)
Target: x86_64-apple-darwin14.3.0
Thread model: posix

= ord_alphlong =================================================================
$> clang -Wextra -Wall -Werror ord_alphlong.c -o user_exe 

= Test 1 ===================================================
$> ./5uxh4fvvt87phbhy5x6nikv1 "lorem ipsum dolor sit amet consectetur adipiscing elit curabitur sollicitudin pretium nibh"
$> diff -U 3 user_output_test1 test1.output | cat -e

Diff OK :D
= Test 2 ===================================================
$> ./963ksw5yjg3nhdfh85au1c0j "kohlrabies aghas tv sued ox retry gardant bulk cornetter putt gruesome whelk centenary decd bite capo in ok lax empaled ox saga um bandboxical ugh cephalomotor becassine boletaceous sees alkanet friarbird a pucker entour beautifiers guenons tod arracacha porus"
$> diff -U 3 user_output_test2 test2.output | cat -e

Diff OK :D
= Test 3 ===================================================
$> ./484i80p75uwz0gxbxt616p0a "a why thrast my pimple pow pew allegiance deer menise euhemeristic sarge or brigatry antialbumid oars gif phthisicky a fore lash champing thule moody a detoxify fem a logs uh sprit tower ha beudanite inlet sat bedebt menses ya consulates beau red pawl chartographically egg mia ghazi mispled damper ped autoput lawless fireplug see boil bargehouse counterplan en off boiserie a bundy frugs sidder fishy ok ack clue selah brim oxygen a footsies tome closh oleraceous dam tug on bauge glood depolariser"
$> diff -U 3 user_output_test3 test3.output | cat -e

Diff OK :D
= Test 4 ===================================================
$> ./y8325pdu4gakyltpnb5hoktw "garotes foreboder hash arsenicating accolent ow dims twain handsew outasks fratries hill tot a footraces a comanches potheen skim bike one bacterially nest nay my en dub areostyle railly pre fee joys nepit cite ow coadunate um pox conclavist a axon sparta corelational gyms em daemonian creepingly mirdha buy boxings detruncated vex catbird derealization juts stope gonial ear ziff a a ebionite am smug rue chiasm it preter bitripartite conglobing eflagelliferous gematria corrugator obliger koumyses bye uh oopak ye sos anagogics toughy of prexy fads laigh ok a buss dismiss glimmering aquiform push applenut doest a oh sedged mild decoy fally do seal mien indubitate uh pic yale kymnel aortoiliac beniseed a cercus acroesthesia bradyseismical utick creirgist tuts bostonite kiyas candidacies aye neo pow earl til a intakes ox entocnemial"
$> diff -U 3 user_output_test4 test4.output | cat -e

Diff OK :D
Grade: 1

= Final grade: 1 ===============================================================
