= Host information =============================================================
$> hostname; uname -msr
e2r10p9.42.fr
Darwin 14.3.0 x86_64

$> date
Thu Apr 23 17:23:47 CEST 2015

$> gcc --version
Configured with: --prefix=/Applications/Xcode.app/Contents/Developer/usr --with-gxx-include-dir=/usr/include/c++/4.2.1
Apple LLVM version 6.1.0 (clang-602.0.49) (based on LLVM 3.6.0svn)
Target: x86_64-apple-darwin14.3.0
Thread model: posix

$> clang --version
Apple LLVM version 6.1.0 (clang-602.0.49) (based on LLVM 3.6.0svn)
Target: x86_64-apple-darwin14.3.0
Thread model: posix

= infin_mult ===================================================================
$> clang -Wextra -Wall -Werror infin_mult.c -o user_exe 

= Test 1 ===================================================
$> ./p4eyfu0irliw8q5e4q4y061r "0" "0"
$> diff -U 3 user_output_test1 test1.output | cat -e

Diff OK :D
= Test 2 ===================================================
$> ./ypyhmobg9cyc9y44482d4tzt "1" "0"
$> diff -U 3 user_output_test2 test2.output | cat -e

Diff OK :D
= Test 3 ===================================================
$> ./vw7x9tmt3gehcwp4wfdhcm3t "0" "-2"
$> diff -U 3 user_output_test3 test3.output | cat -e

Diff OK :D
= Test 4 ===================================================
$> ./zhwa8w9lzxw6jxot0k6dnffd "21" "42"
$> diff -U 3 user_output_test4 test4.output | cat -e

Diff OK :D
= Test 5 ===================================================
$> ./bee9j6gra77s9gw6txf1lc5m "4894398524132130" "5906754239"
$> diff -U 3 user_output_test5 test5.output | cat -e

Diff OK :D
= Test 6 ===================================================
$> ./wr6kj5xwlh2w0k9tncwm0jr7 "-449540951245" "1320806146"
$> diff -U 3 user_output_test6 test6.output | cat -e

Diff OK :D
= Test 7 ===================================================
$> ./o1yhc4majur2am5gg4jveq8g "-395450348096354305805" "-653092"
$> diff -U 3 user_output_test7 test7.output | cat -e

Diff OK :D
Grade: 1

= Final grade: 1 ===============================================================
